
------------------------------------
current frame :

node type: treenode
node label: decls

------------------------------------
current frame :

node type: null

------------------------------------
current frame :

node type: treenode
node label: proc

------------------------------------
current frame :


------------------------------------
current frame :


------------------------------------
current frame :

node type: null

------------------------------------
current frame :

node type: null

------------------------------------
current frame :

node type: treenode
node label: procbody

------------------------------------
current frame :

node type: treenode
node label: assign

------------------------------------
current frame :


------------------------------------
current frame :


------------------------------------
current frame :


------------------------------------
current frame :


------------------------------------
current frame :

node type: treenode
node label: procbody

------------------------------------
current frame :

&&&&&&&&&&&&&&&&&&&&&&&&&&&&&
CASE EXPRESSION FOUND
i
&&&&&&&&&&&&&&&&&&&&&&&&&&&&&
node type: treenode
node label: Case

------------------------------------
current frame :


------------------------------------
current frame :

node type: treenode
node label: Bplus

------------------------------------
current frame :


------------------------------------
current frame :


------------------------------------
current frame :


------------------------------------
current frame :


------------------------------------
current frame :


------------------------------------
current frame :

node type: treenode
node label: Caselist

------------------------------------
current frame :

node type: treenode
node label: Caselist

------------------------------------
current frame :

node type: treenode
node label: Caselist

------------------------------------
current frame :

node type: treenode
node label: Caselist

------------------------------------
current frame :

node type: treenode
node label: Caselist

------------------------------------
current frame :

node type: treenode
node label: Caselist

------------------------------------
current frame :

node type: treenode
node label: Caselist

------------------------------------
current frame :

node type: treenode
node label: Caselist

------------------------------------
current frame :

node type: treenode
node label: cclause1

------------------------------------
current frame :


------------------------------------
current frame :


------------------------------------
current frame :

node type: treenode
node label: invoke

------------------------------------
current frame :


------------------------------------
current frame :


------------------------------------
current frame :


------------------------------------
current frame :


------------------------------------
current frame :


------------------------------------
current frame :

node type: treenode
node label: cclause1

------------------------------------
current frame :


------------------------------------
current frame :


------------------------------------
current frame :

node type: treenode
node label: invoke

------------------------------------
current frame :


------------------------------------
current frame :


------------------------------------
current frame :


------------------------------------
current frame :


------------------------------------
current frame :


------------------------------------
current frame :

node type: treenode
node label: cclause1

------------------------------------
current frame :


------------------------------------
current frame :


------------------------------------
current frame :

node type: treenode
node label: invoke

------------------------------------
current frame :


------------------------------------
current frame :


------------------------------------
current frame :


------------------------------------
current frame :


------------------------------------
current frame :


------------------------------------
current frame :

node type: treenode
node label: cclause1

------------------------------------
current frame :


------------------------------------
current frame :


------------------------------------
current frame :

node type: treenode
node label: invoke

------------------------------------
current frame :


------------------------------------
current frame :


------------------------------------
current frame :


------------------------------------
current frame :


------------------------------------
current frame :


------------------------------------
current frame :

node type: treenode
node label: cclause1

------------------------------------
current frame :


------------------------------------
current frame :


------------------------------------
current frame :

node type: treenode
node label: invoke

------------------------------------
current frame :


------------------------------------
current frame :


------------------------------------
current frame :


------------------------------------
current frame :


------------------------------------
current frame :


------------------------------------
current frame :

node type: treenode
node label: cclause1

------------------------------------
current frame :


------------------------------------
current frame :


------------------------------------
current frame :

node type: treenode
node label: invoke

------------------------------------
current frame :


------------------------------------
current frame :


------------------------------------
current frame :


------------------------------------
current frame :


------------------------------------
current frame :


------------------------------------
current frame :

node type: treenode
node label: cclause1

------------------------------------
current frame :


------------------------------------
current frame :


------------------------------------
current frame :

node type: treenode
node label: invoke

------------------------------------
current frame :


------------------------------------
current frame :


------------------------------------
current frame :


------------------------------------
current frame :


------------------------------------
current frame :


------------------------------------
current frame :

node type: treenode
node label: cclause1

------------------------------------
current frame :


------------------------------------
current frame :


------------------------------------
current frame :

node type: treenode
node label: invoke

------------------------------------
current frame :


------------------------------------
current frame :


------------------------------------
current frame :


------------------------------------
current frame :


------------------------------------
current frame :


------------------------------------
current frame :

node type: treenode
node label: cclause1

------------------------------------
current frame :


------------------------------------
current frame :


------------------------------------
current frame :

node type: treenode
node label: invoke

------------------------------------
current frame :


------------------------------------
current frame :


------------------------------------
current frame :


------------------------------------
current frame :


------------------------------------
current frame :


------------------------------------
current frame :


------------------------------------
current frame :

node type: null

------------------------------------
current frame :

/home/conman/unicon/bin/icont -c   -O case_test.icn /tmp/uni15192860
